2018-06-05 21:09:35,736 INFO  [org.jboss.modules] (main) JBoss Modules version 1.7.0.Final
2018-06-05 21:09:36,430 INFO  [org.jboss.msc] (main) JBoss MSC version 1.3.2.Final
2018-06-05 21:09:36,444 INFO  [org.jboss.threads] (main) JBoss Threads version 2.3.1.Final
2018-06-05 21:09:36,677 INFO  [org.jboss.as] (MSC service thread 1-2) WFLYSRV0049: WildFly Full 12.0.0.Final (WildFly Core 4.0.0.Final) starting
2018-06-05 21:09:36,678 DEBUG [org.jboss.as.config] (MSC service thread 1-2) Configured system properties:
	awt.toolkit = sun.awt.X11.XToolkit
	file.encoding = UTF-8
	file.encoding.pkg = sun.io
	file.separator = /
	java.awt.graphicsenv = sun.awt.X11GraphicsEnvironment
	java.awt.headless = true
	java.awt.printerjob = sun.print.PSPrinterJob
	java.class.path = /home/rootdeveloper/dev/midlleware/wildfly-12.0.0.Final/jboss-modules.jar:/home/rootdeveloper/dev/java/jdk-10.0.1/lib/jrt-fs.jar
	java.class.version = 54.0
	java.home = /home/rootdeveloper/dev/java/jdk-10.0.1
	java.io.tmpdir = /tmp
	java.library.path = /usr/java/packages/lib:/usr/lib64:/lib64:/lib:/usr/lib
	java.net.preferIPv4Stack = true
	java.runtime.name = Java(TM) SE Runtime Environment
	java.runtime.version = 10.0.1+10
	java.specification.name = Java Platform API Specification
	java.specification.vendor = Oracle Corporation
	java.specification.version = 10
	java.util.logging.manager = org.jboss.logmanager.LogManager
	java.vendor = Oracle Corporation
	java.vendor.url = http://java.oracle.com/
	java.vendor.url.bug = http://bugreport.java.com/bugreport/
	java.vendor.version = 18.3
	java.version = 10.0.1
	java.version.date = 2018-04-17
	java.vm.compressedOopsMode = 32-bit
	java.vm.info = mixed mode
	java.vm.name = Java HotSpot(TM) 64-Bit Server VM
	java.vm.specification.name = Java Virtual Machine Specification
	java.vm.specification.vendor = Oracle Corporation
	java.vm.specification.version = 10
	java.vm.vendor = "Oracle Corporation"
	java.vm.version = 10.0.1+10
	javax.management.builder.initial = org.jboss.as.jmx.PluggableMBeanServerBuilder
	javax.xml.datatype.DatatypeFactory = __redirected.__DatatypeFactory
	javax.xml.parsers.DocumentBuilderFactory = __redirected.__DocumentBuilderFactory
	javax.xml.parsers.SAXParserFactory = __redirected.__SAXParserFactory
	javax.xml.stream.XMLEventFactory = __redirected.__XMLEventFactory
	javax.xml.stream.XMLInputFactory = __redirected.__XMLInputFactory
	javax.xml.stream.XMLOutputFactory = __redirected.__XMLOutputFactory
	javax.xml.transform.TransformerFactory = __redirected.__TransformerFactory
	javax.xml.validation.SchemaFactory:http://www.w3.org/2001/XMLSchema = __redirected.__SchemaFactory
	javax.xml.xpath.XPathFactory:http://java.sun.com/jaxp/xpath/dom = __redirected.__XPathFactory
	jboss.bind.address = localhost
	jboss.bind.address.management = localhost
	jboss.home.dir = /home/rootdeveloper/dev/midlleware/wildfly-12.0.0.Final
	jboss.host.name = hp
	jboss.modules.dir = /home/rootdeveloper/dev/midlleware/wildfly-12.0.0.Final/modules
	jboss.modules.system.pkgs = org.jboss.byteman
	jboss.node.name = hp
	jboss.qualified.host.name = hp
	jboss.server.base.dir = /home/rootdeveloper/dev/midlleware/wildfly-12.0.0.Final/standalone
	jboss.server.config.dir = /home/rootdeveloper/dev/midlleware/wildfly-12.0.0.Final/standalone/configuration
	jboss.server.data.dir = /home/rootdeveloper/dev/midlleware/wildfly-12.0.0.Final/standalone/data
	jboss.server.deploy.dir = /home/rootdeveloper/dev/midlleware/wildfly-12.0.0.Final/standalone/data/content
	jboss.server.log.dir = /home/rootdeveloper/dev/midlleware/wildfly-12.0.0.Final/standalone/log
	jboss.server.name = hp
	jboss.server.persist.config = true
	jboss.server.temp.dir = /home/rootdeveloper/dev/midlleware/wildfly-12.0.0.Final/standalone/tmp
	jdk.debug = release
	line.separator = 

	logging.configuration = file:/home/rootdeveloper/dev/midlleware/wildfly-12.0.0.Final/standalone/configuration/logging.properties
	module.path = /home/rootdeveloper/dev/midlleware/wildfly-12.0.0.Final/modules
	org.jboss.boot.log.file = /home/rootdeveloper/dev/midlleware/wildfly-12.0.0.Final/standalone/log/boot.log
	org.jboss.logmanager.nocolor = true
	org.jboss.resolver.warning = true
	org.xml.sax.driver = __redirected.__XMLReaderFactory
	os.arch = amd64
	os.name = Linux
	os.version = 4.15.0-22-generic
	path.separator = :
	program.name = JBossTools: WildFly 12
	sun.arch.data.model = 64
	sun.boot.library.path = /home/rootdeveloper/dev/java/jdk-10.0.1/lib
	sun.cpu.endian = little
	sun.cpu.isalist = 
	sun.desktop = gnome
	sun.io.unicode.encoding = UnicodeLittle
	sun.java.command = org.jboss.modules.Main -mp /home/rootdeveloper/dev/midlleware/wildfly-12.0.0.Final/modules org.jboss.as.standalone -b localhost --server-config=standalone.xml -Djboss.server.base.dir=/home/rootdeveloper/dev/midlleware/wildfly-12.0.0.Final/standalone
	sun.java.launcher = SUN_STANDARD
	sun.jnu.encoding = UTF-8
	sun.management.compiler = HotSpot 64-Bit Tiered Compilers
	sun.os.patch.level = unknown
	sun.rmi.dgc.client.gcInterval = 3600000
	sun.rmi.dgc.server.gcInterval = 3600000
	user.country = US
	user.country.format = BR
	user.dir = /home/rootdeveloper/dev/midlleware/wildfly-12.0.0.Final/bin
	user.home = /home/rootdeveloper
	user.language = en
	user.language.format = pt
	user.name = rootdeveloper
	user.timezone = America/Sao_Paulo
2018-06-05 21:09:36,681 DEBUG [org.jboss.as.config] (MSC service thread 1-2) VM Arguments: -Dprogram.name=JBossTools: WildFly 12 -Xms64m -Xmx512m -Dorg.jboss.resolver.warning=true -Djava.net.preferIPv4Stack=true -Dsun.rmi.dgc.client.gcInterval=3600000 -Dsun.rmi.dgc.server.gcInterval=3600000 -Djboss.modules.system.pkgs=org.jboss.byteman -Djava.awt.headless=true -Dorg.jboss.boot.log.file=/home/rootdeveloper/dev/midlleware/wildfly-12.0.0.Final/standalone/log/boot.log -Dlogging.configuration=file:/home/rootdeveloper/dev/midlleware/wildfly-12.0.0.Final/standalone/configuration/logging.properties -Djboss.home.dir=/home/rootdeveloper/dev/midlleware/wildfly-12.0.0.Final -Dorg.jboss.logmanager.nocolor=true -Djboss.bind.address.management=localhost -Dfile.encoding=UTF-8 
2018-06-05 21:09:38,585 INFO  [org.jboss.as.controller.management-deprecated] (Controller Boot Thread) WFLYCTL0028: Attribute 'security-realm' in the resource at address '/core-service=management/management-interface=http-interface' is deprecated, and may be removed in a future version. See the attribute description in the output of the read-resource-description operation to learn more about the deprecation.
2018-06-05 21:09:38,616 INFO  [org.jboss.as.controller.management-deprecated] (ServerService Thread Pool -- 10) WFLYCTL0028: Attribute 'security-realm' in the resource at address '/subsystem=undertow/server=default-server/https-listener=https' is deprecated, and may be removed in a future version. See the attribute description in the output of the read-resource-description operation to learn more about the deprecation.
2018-06-05 21:09:38,616 INFO  [org.wildfly.security] (ServerService Thread Pool -- 29) ELY00001: WildFly Elytron version 1.2.2.Final
2018-06-05 21:09:38,707 INFO  [org.jboss.as.server] (Controller Boot Thread) WFLYSRV0039: Creating http management service using socket-binding (management-http)
2018-06-05 21:09:38,731 INFO  [org.xnio] (MSC service thread 1-2) XNIO version 3.6.2.Final
2018-06-05 21:09:38,741 INFO  [org.xnio.nio] (MSC service thread 1-2) XNIO NIO Implementation Version 3.6.2.Final
